Removed Pin From Net: NetName=GND Pin=C4-2
Removed Pin From Net: NetName=GND Pin=C5-2
Removed Pin From Net: NetName=GND Pin=C6-1
Removed Pin From Net: NetName=GND Pin=C32-2
Removed Pin From Net: NetName=GND Pin=J4-1
Removed Pin From Net: NetName=GND Pin=J4-2
Removed Pin From Net: NetName=GND Pin=NT1-1
Removed Pin From Net: NetName=GND Pin=R3-2
Removed Pin From Net: NetName=GND Pin=R4-2
Removed Pin From Net: NetName=GND Pin=R5-2
Removed Member From Class: ClassName=main Member=TP1
Removed Member From Class: ClassName=main Member=TP2
Removed Member From Class: ClassName=in_out Member=TP3
Removed Member From Class: ClassName=in_out Member=TP4
Removed Member From Class: ClassName=main Member=TP5
Removed Member From Class: ClassName=in_out Member=TP6
Removed Member From Class: ClassName=main Member=TP7
Removed Member From Class: ClassName=in_out Member=TP8
Removed Member From Class: ClassName=main Member=TP9
Removed Member From Class: ClassName=in_out Member=TP11
Change Net Name : Old Net Name=GND New Net Name=SGND
Added Pin To Net: NetName=GND Pin=C4-2
Added Pin To Net: NetName=GND Pin=C5-2
Added Pin To Net: NetName=GND Pin=C6-1
Added Pin To Net: NetName=GND Pin=C32-2
Added Pin To Net: NetName=GND Pin=J4-1
Added Pin To Net: NetName=GND Pin=J4-2
Added Pin To Net: NetName=GND Pin=NT1-1
Added Pin To Net: NetName=GND Pin=R3-2
Added Pin To Net: NetName=GND Pin=R4-2
Added Pin To Net: NetName=GND Pin=R5-2
Added Net: Name=GND
Added Room: Name=in_out
Added Room: Name=main
