Removed Pin From Net: NetName=NetBR1_3 Pin=T1-5
Removed Pin From Net: NetName=NetBR1_4 Pin=T1-6
Removed Member From Class: ClassName=in_out Member=C11
Removed Member From Class: ClassName=in_out Member=C12
Removed Member From Class: ClassName=in_out Member=C13
Removed Member From Class: ClassName=in_out Member=C29
Removed Member From Class: ClassName=in_out Member=C30
Removed Member From Class: ClassName=in_out Member=C31
Removed Member From Class: ClassName=main Member=C37
Removed Member From Class: ClassName=in_out Member=R1
Added Pin To Net: NetName=NetBR1_4 Pin=T1-5
Added Pin To Net: NetName=NetBR1_3 Pin=T1-6
Added Member To Class: ClassName=main Member=Component C7 220nF
Added Member To Class: ClassName=main Member=Component C8 220nF
Added Member To Class: ClassName=main Member=Component C9 220nF
Added Member To Class: ClassName=main Member=Component C10 220nF
Added Member To Class: ClassName=main Member=Component C11 220nF
Added Member To Class: ClassName=main Member=Component C12 220nF
Added Member To Class: ClassName=main Member=Component C13 220nF
Added Member To Class: ClassName=main Member=Component C14 1u
Added Member To Class: ClassName=main Member=Component C16 0.1uF
Added Member To Class: ClassName=main Member=Component C17 0.1uF
Added Member To Class: ClassName=main Member=Component C22 2.2uF
Added Member To Class: ClassName=in_out Member=Component C33 100nF
Added Member To Class: ClassName=in_out Member=Component C34 2700uF
Added Member To Class: ClassName=in_out Member=Component C35 100nF
Added Member To Class: ClassName=in_out Member=Component C36 100nF
Added Member To Class: ClassName=in_out Member=Component C38 2.2uF
Added Member To Class: ClassName=in_out Member=Component C39 2.2uF
Added Member To Class: ClassName=in_out Member=Component C40 2.2uF
Added Member To Class: ClassName=in_out Member=Component C41 2.2uF
Added Member To Class: ClassName=in_out Member=Component C42 100nF
Added Member To Class: ClassName=in_out Member=Component J5 142-0701-301
Added Member To Class: ClassName=in_out Member=Component J7 1289-STR
Added Member To Class: ClassName=in_out Member=Component R22 10k
Added Member To Class: ClassName=in_out Member=Component R23 4k7
Added Member To Class: ClassName=in_out Member=Component TP10 Test point
Added Room: Name=in_out
Added Room: Name=main
