Removed Pin From Net: NetName=SGND Pin=C30-1
Removed Pin From Net: NetName=SGND Pin=J5-2
Removed Pin From Net: NetName=SGND Pin=J5-3
Removed Pin From Net: NetName=SGND Pin=J5-4
Removed Pin From Net: NetName=SGND Pin=J5-5
Removed Pin From Net: NetName=+5 Pin=J8-1
Removed Pin From Net: NetName=+5 Pin=J8-2
Removed Pin From Net: NetName=SGND Pin=J10-1
Removed Pin From Net: NetName=SGND Pin=J10-2
Removed Pin From Net: NetName=NetIC2_3 Pin=Q1-1
Removed Pin From Net: NetName=NetQ1_3 Pin=Q1-3
Removed Pin From Net: NetName=+5 Pin=R21-2
Removed Member From Class: ClassName=in_out Member=C33
Removed Member From Class: ClassName=in_out Member=J9
Removed Member From Class: ClassName=in_out Member=J10
Removed Member From Class: ClassName=in_out Member=R25
Removed Member From Class: ClassName=in_out Member=R26
Removed Member From Class: ClassName=in_out Member=R27
Change Component Footprint: Designator=Q1 Old Footprint=STD95N4F3 New Footprint=BSC010N04LS6ATMA1
Change Component Comment : Designator=C4 Old Comment=* New Comment=22uF
Change Component Comment : Designator=Q1 Old Comment=STD95N4F3 New Comment=BSC014N06NSATMA1
Change Component Designator: OldDesignator=C10 NewDesignator=C8
Change Component Designator: OldDesignator=C11 NewDesignator=C9
Change Component Designator: OldDesignator=C12 NewDesignator=C10
Change Component Designator: OldDesignator=C13 NewDesignator=C11
Change Component Designator: OldDesignator=C14 NewDesignator=C12
Change Component Designator: OldDesignator=C15 NewDesignator=C13
Change Component Designator: OldDesignator=C16 NewDesignator=C14
Change Component Designator: OldDesignator=C17 NewDesignator=C15
Change Component Designator: OldDesignator=C18 NewDesignator=C16
Change Component Designator: OldDesignator=C19 NewDesignator=C17
Change Component Designator: OldDesignator=C20 NewDesignator=C18
Change Component Designator: OldDesignator=C21 NewDesignator=C19
Change Component Designator: OldDesignator=C22 NewDesignator=C20
Change Component Designator: OldDesignator=C23 NewDesignator=C21
Change Component Designator: OldDesignator=C24 NewDesignator=C22
Change Component Designator: OldDesignator=C25 NewDesignator=C23
Change Component Designator: OldDesignator=C26 NewDesignator=C24
Change Component Designator: OldDesignator=C27 NewDesignator=C25
Change Component Designator: OldDesignator=C28 NewDesignator=C26
Change Component Designator: OldDesignator=C29 NewDesignator=C27
Change Component Designator: OldDesignator=C31 NewDesignator=C29
Change Component Designator: OldDesignator=C32 NewDesignator=C28
Change Component Designator: OldDesignator=C33 NewDesignator=C30
Change Component Designator: OldDesignator=J6 NewDesignator=J5
Change Component Designator: OldDesignator=J7 NewDesignator=J6
Change Component Designator: OldDesignator=J9 NewDesignator=J8
Change Component Designator: OldDesignator=R5 NewDesignator=R6
Change Component Designator: OldDesignator=R6 NewDesignator=R5
Change Component Designator: OldDesignator=R23 NewDesignator=R22
Change Component Designator: OldDesignator=R26 NewDesignator=R21
Change Component Designator: OldDesignator=R27 NewDesignator=R23
Change Component Designator: OldDesignator=TP6 NewDesignator=TP9
Change Component Designator: OldDesignator=TP7 NewDesignator=TP6
Change Component Designator: OldDesignator=TP8 NewDesignator=TP7
Change Component Designator: OldDesignator=TP9 NewDesignator=TP8
Change component parameters: Designator = "C4" ("C4"); Footprint = "CAPPRD500W60D1300H2700"; UniqueID = "\EYCLKGDA" ("\EYCLKGDA")
Change component parameters (AddParameter): Name = "Capacitance"; Value = "22uF"; VariantName = "[No Variations]"
Change component parameters (AddParameter): Name = "MPN"; Value = "ESH226M500AL4AA"; VariantName = "[No Variations]"
Change component parameters (AddParameter): Name = "Voltage"; Value = "500V"; VariantName = "[No Variations]"
Change component parameters: Designator = "Q1" ("Q1"); Footprint = "STD95N4F3"; UniqueID = "\GMSEKPOH" ("\GMSEKPOH")
Change component parameters (AddParameter): Name = "Arrow Part Number"; Value = "BSC014N06NSATMA1"; VariantName = "[No Variations]"
Change component parameters (AddParameter): Name = "Arrow Price/Stock"; Value = "https://www.arrow.com/en/products/bsc014n06nsatma1/infineon-technologies-ag"; VariantName = "[No Variations]"
Change component parameters (AddParameter): Name = "Datasheet Link"; Value = "http://www.farnell.com/datasheets/1849651.html"; VariantName = "[No Variations]"
Change component parameters (AddParameter): Name = "Height"; Value = "1.1mm"; VariantName = "[No Variations]"
Change component parameters (AddParameter): Name = "Manufacturer_Name"; Value = "Infineon"; VariantName = "[No Variations]"
Change component parameters (AddParameter): Name = "Manufacturer_Part_Number"; Value = "BSC014N06NSATMA1"; VariantName = "[No Variations]"
Change component parameters (AddParameter): Name = "Mouser Part Number"; Value = "726-BSC014N06NSATMA1"; VariantName = "[No Variations]"
Change component parameters (AddParameter): Name = "Mouser Price/Stock"; Value = "https://www.mouser.co.uk/ProductDetail/Infineon-Technologies/BSC014N06NSATMA1?qs=K00xGehIljshgUA78G26tg%3D%3D"; VariantName = "[No Variations]"
Added Component: Designator=J7(Connector_3.5)
Add component (AddParameter): Name = "HelpURL"; Value = ""; VariantName = "[No Variations]"
Add component (AddParameter): Name = "MPN"; Value = ""; VariantName = "[No Variations]"
Add component (AddParameter): Name = "Value"; Value = ""; VariantName = "[No Variations]"
Added Pin To Net: NetName=SGND Pin=J7-1
Added Pin To Net: NetName=+5 Pin=J7-2
Added Pin To Net: NetName=GND_OUT Pin=Q1-1
Added Pin To Net: NetName=GND_OUT Pin=Q1-3
Added Pin To Net: NetName=NetIC2_3 Pin=Q1-4
Added Pin To Net: NetName=GND_OUT Pin=Q1-10
Change Net Name : Old Net Name=NetC16_1 New Net Name=NetC14_1
Change Net Name : Old Net Name=NetC16_2 New Net Name=NetC14_2
Change Net Name : Old Net Name=NetC18_2 New Net Name=NetC16_2
Change Net Name : Old Net Name=NetC19_2 New Net Name=NetC17_2
Change Net Name : Old Net Name=NetC24_2 New Net Name=NetC22_2
Change Net Name : Old Net Name=NetC25_1 New Net Name=NetC23_1
Change Net Name : Old Net Name=NetC29_1 New Net Name=NetC27_1
Change Net Name : Old Net Name=NetC29_2 New Net Name=NetC27_2
Change Net Name : Old Net Name=NetC31_2 New Net Name=NetC29_2
Change Net Name : Old Net Name=NetC33_2 New Net Name=NetC30_2
Change Net Name : Old Net Name=NetQ1_3 New Net Name=NetR2_2
Change Net Name : Old Net Name=NetR23_2 New Net Name=NetR21_2
Change Net Name : Old Net Name=NetR24_2 New Net Name=NetR23_2
Added Room: Name=in_out
Added Room: Name=main
