Added Component: Designator=C40(Capacitor_1812)
Add component (AddParameter): Name = "Capacitance"; Value = "220nF"; VariantName = "[No Variations]"
Add component (AddParameter): Name = "MPN"; Value = "C1812C224MCRACTU"; VariantName = "[No Variations]"
Add component (AddParameter): Name = "Voltage"; Value = "500"; VariantName = "[No Variations]"
Added Component: Designator=C41(Capacitor_1812)
Add component (AddParameter): Name = "Capacitance"; Value = "220nF"; VariantName = "[No Variations]"
Add component (AddParameter): Name = "MPN"; Value = "C1812C224MCRACTU"; VariantName = "[No Variations]"
Add component (AddParameter): Name = "Voltage"; Value = "500"; VariantName = "[No Variations]"
Added Component: Designator=C42(Capacitor_1812)
Add component (AddParameter): Name = "Capacitance"; Value = "220nF"; VariantName = "[No Variations]"
Add component (AddParameter): Name = "MPN"; Value = "C1812C224MCRACTU"; VariantName = "[No Variations]"
Add component (AddParameter): Name = "Voltage"; Value = "500"; VariantName = "[No Variations]"
Added Pin To Net: NetName=VIN Pin=C40-1
Added Pin To Net: NetName=GND Pin=C40-2
Added Pin To Net: NetName=GND Pin=C41-1
Added Pin To Net: NetName=VIN Pin=C41-2
Added Pin To Net: NetName=VIN Pin=C42-1
Added Pin To Net: NetName=GND Pin=C42-2
Added Member To Class: ClassName=main Member=Component C40 220nF
Added Member To Class: ClassName=main Member=Component C41 220nF
Added Member To Class: ClassName=main Member=Component C42 220nF
