Removed Pin From Net: NetName=HIN Pin=R21-1
Removed Pin From Net: NetName=LIN Pin=R23-1
Change Component Designator: OldDesignator=C5 NewDesignator=C9
Change Component Designator: OldDesignator=C6 NewDesignator=C10
Change Component Designator: OldDesignator=C7 NewDesignator=C11
Change Component Designator: OldDesignator=C8 NewDesignator=C12
Change Component Designator: OldDesignator=C9 NewDesignator=C13
Change Component Designator: OldDesignator=C10 NewDesignator=C18
Change Component Designator: OldDesignator=C11 NewDesignator=C19
Change Component Designator: OldDesignator=C12 NewDesignator=C20
Change Component Designator: OldDesignator=C13 NewDesignator=C22
Change Component Designator: OldDesignator=C14 NewDesignator=C21
Change Component Designator: OldDesignator=C15 NewDesignator=C23
Change Component Designator: OldDesignator=C16 NewDesignator=C24
Change Component Designator: OldDesignator=C17 NewDesignator=C25
Change Component Designator: OldDesignator=C18 NewDesignator=C26
Change Component Designator: OldDesignator=C19 NewDesignator=C27
Change Component Designator: OldDesignator=C20 NewDesignator=C28
Change Component Designator: OldDesignator=C21 NewDesignator=C29
Change Component Designator: OldDesignator=C22 NewDesignator=C30
Change Component Designator: OldDesignator=C23 NewDesignator=C31
Change Component Designator: OldDesignator=C24 NewDesignator=C32
Change Component Designator: OldDesignator=C25 NewDesignator=C33
Change Component Designator: OldDesignator=C26 NewDesignator=C34
Change Component Designator: OldDesignator=C27 NewDesignator=C35
Change Component Designator: OldDesignator=C28 NewDesignator=C36
Change Component Designator: OldDesignator=C29 NewDesignator=C37
Change Component Designator: OldDesignator=C30 NewDesignator=C38
Change Component Designator: OldDesignator=R22 NewDesignator=R21
Change Component Designator: OldDesignator=R24 NewDesignator=R22
Added Component: Designator=C5(Capacitor_0805)
Add component (AddParameter): Name = "Capacitance"; Value = "47nF"; VariantName = "[No Variations]"
Add component (AddParameter): Name = "MPN"; Value = "CGA4J4X7T2W473K125AE"; VariantName = "[No Variations]"
Add component (AddParameter): Name = "Voltage"; Value = "450V"; VariantName = "[No Variations]"
Added Component: Designator=C6(Capacitor_0805)
Add component (AddParameter): Name = "Capacitance"; Value = "47nF"; VariantName = "[No Variations]"
Add component (AddParameter): Name = "MPN"; Value = "CGA4J4X7T2W473K125AE"; VariantName = "[No Variations]"
Add component (AddParameter): Name = "Voltage"; Value = "450V"; VariantName = "[No Variations]"
Added Component: Designator=C7(Capcitor_1206)
Add component (AddParameter): Name = "Capacitance"; Value = "100nF"; VariantName = "[No Variations]"
Add component (AddParameter): Name = "MPN"; Value = "1206B104K451CT"; VariantName = "[No Variations]"
Add component (AddParameter): Name = "Voltage"; Value = "450V"; VariantName = "[No Variations]"
Added Component: Designator=C8(Capcitor_1206)
Add component (AddParameter): Name = "Capacitance"; Value = "100nF"; VariantName = "[No Variations]"
Add component (AddParameter): Name = "MPN"; Value = "1206B104K451CT"; VariantName = "[No Variations]"
Add component (AddParameter): Name = "Voltage"; Value = "450V"; VariantName = "[No Variations]"
Added Component: Designator=C14(Capacitor_0805)
Add component (AddParameter): Name = "Capacitance"; Value = "100nF"; VariantName = "[No Variations]"
Add component (AddParameter): Name = "MPN"; Value = "CL21B104KBCNNND"; VariantName = "[No Variations]"
Add component (AddParameter): Name = "Voltage"; Value = "50V"; VariantName = "[No Variations]"
Added Component: Designator=C15(Capacitor_0805)
Add component (AddParameter): Name = "Capacitance"; Value = "100nF"; VariantName = "[No Variations]"
Add component (AddParameter): Name = "MPN"; Value = "CL21B104KBCNNND"; VariantName = "[No Variations]"
Add component (AddParameter): Name = "Voltage"; Value = "50V"; VariantName = "[No Variations]"
Added Component: Designator=C16(Capacitor_0805)
Add component (AddParameter): Name = "Capacitance"; Value = "100nF"; VariantName = "[No Variations]"
Add component (AddParameter): Name = "MPN"; Value = "CL21B104KBCNNND"; VariantName = "[No Variations]"
Add component (AddParameter): Name = "Voltage"; Value = "50V"; VariantName = "[No Variations]"
Added Component: Designator=C17(Capcitor_1206)
Add component (AddParameter): Name = "Capacitance"; Value = "2.2uF"; VariantName = "[No Variations]"
Add component (AddParameter): Name = "MPN"; Value = "CL31B225KBHNFNE"; VariantName = "[No Variations]"
Add component (AddParameter): Name = "Voltage"; Value = "50V"; VariantName = "[No Variations]"
Added Pin To Net: NetName=GND Pin=C5-1
Added Pin To Net: NetName=VIN Pin=C5-2
Added Pin To Net: NetName=GND Pin=C6-1
Added Pin To Net: NetName=VIN Pin=C6-2
Added Pin To Net: NetName=GND Pin=C7-1
Added Pin To Net: NetName=VIN Pin=C7-2
Added Pin To Net: NetName=GND Pin=C8-1
Added Pin To Net: NetName=VIN Pin=C8-2
Added Pin To Net: NetName=GND_OUT Pin=C14-1
Added Pin To Net: NetName=VOUT Pin=C14-2
Added Pin To Net: NetName=GND_OUT Pin=C15-1
Added Pin To Net: NetName=VOUT Pin=C15-2
Added Pin To Net: NetName=GND_OUT Pin=C16-1
Added Pin To Net: NetName=VOUT Pin=C16-2
Added Pin To Net: NetName=GND_OUT Pin=C17-1
Added Pin To Net: NetName=VOUT Pin=C17-2
Added Pin To Net: NetName=HIN Pin=R21-2
Added Pin To Net: NetName=LIN Pin=R22-2
Change Net Name : Old Net Name=NetC14_1 New Net Name=NetC21_1
Change Net Name : Old Net Name=NetC14_2 New Net Name=NetC21_2
Change Net Name : Old Net Name=NetC16_2 New Net Name=NetC24_2
Change Net Name : Old Net Name=NetC17_2 New Net Name=NetC25_2
Change Net Name : Old Net Name=NetC22_2 New Net Name=NetC30_2
Change Net Name : Old Net Name=NetC23_1 New Net Name=NetC31_1
Change Net Name : Old Net Name=NetC27_1 New Net Name=NetC35_1
Change Net Name : Old Net Name=NetC27_2 New Net Name=NetC35_2
Change Net Name : Old Net Name=NetC29_2 New Net Name=NetC37_2
Change Net Name : Old Net Name=NetC30_2 New Net Name=NetC38_2
Added Member To Class: ClassName=main Member=Component C28 2.2uF
Added Member To Class: ClassName=main Member=Component C29 2.2uF
Added Member To Class: ClassName=main Member=Component C30 100nF
Added Member To Class: ClassName=main Member=Component C31 100nF
Added Member To Class: ClassName=main Member=Component C32 1uF
Added Member To Class: ClassName=main Member=Component C33 10nF
Added Member To Class: ClassName=main Member=Component C34 100nF
Added Member To Class: ClassName=main Member=Component C35 100nF
Added Member To Class: ClassName=in_out Member=Component C38 100nF
Added Member To Class: ClassName=in_out Member=Component J5 1289-STR
Added Member To Class: ClassName=in_out Member=Component J7 Connector_3.5mm
Added Member To Class: ClassName=in_out Member=Component J8 142-0701-301
Added Member To Class: ClassName=main Member=Component R5 82k
Added Member To Class: ClassName=in_out Member=Component R21 4k7
Added Member To Class: ClassName=in_out Member=Component TP7 Test point
Added Member To Class: ClassName=in_out Member=Component TP9 Test point
Added Room: Name=in_out
Added Room: Name=main
