Added Pin To Net: NetName=NetBR1_1 Pin=BR1-1
Added Pin To Net: NetName=GND Pin=BR1-2
Added Pin To Net: NetName=NetBR1_3 Pin=BR1-3
Added Pin To Net: NetName=NetBR1_4 Pin=BR1-4
Added Pin To Net: NetName=NetC1_1 Pin=C1-1
Added Pin To Net: NetName=NetC1_2 Pin=C1-2
Added Pin To Net: NetName=NetC1_1 Pin=C2-1
Added Pin To Net: NetName=NetC1_2 Pin=C2-2
Added Pin To Net: NetName=VIN Pin=C3-1
Added Pin To Net: NetName=NetC3_2 Pin=C3-2
Added Pin To Net: NetName=NetC3_2 Pin=C4-1
Added Pin To Net: NetName=GND Pin=C4-2
Added Pin To Net: NetName=NetC3_2 Pin=C5-1
Added Pin To Net: NetName=GND Pin=C5-2
Added Pin To Net: NetName=GND Pin=C6-1
Added Pin To Net: NetName=NetC3_2 Pin=C6-2
Added Pin To Net: NetName=VOUT Pin=C7-1
Added Pin To Net: NetName=GND_OUT Pin=C7-2
Added Pin To Net: NetName=VOUT Pin=C8-1
Added Pin To Net: NetName=GND_OUT Pin=C8-2
Added Pin To Net: NetName=VOUT Pin=C9-1
Added Pin To Net: NetName=GND_OUT Pin=C9-2
Added Pin To Net: NetName=GND Pin=C10-1
Added Pin To Net: NetName=+5 Pin=C10-2
Added Pin To Net: NetName=+5 Pin=C11-1
Added Pin To Net: NetName=GND Pin=C11-2
Added Pin To Net: NetName=GND_OUT Pin=C12-1
Added Pin To Net: NetName=VOUT Pin=C12-2
Added Pin To Net: NetName=GND_OUT Pin=C13-1
Added Pin To Net: NetName=VOUT Pin=C13-2
Added Pin To Net: NetName=GND_OUT Pin=C14-1
Added Pin To Net: NetName=VOUT Pin=C14-2
Added Pin To Net: NetName=GND_OUT Pin=C15-1
Added Pin To Net: NetName=VOUT Pin=C15-2
Added Pin To Net: NetName=NetC16_1 Pin=C16-1
Added Pin To Net: NetName=NetC16_2 Pin=C16-2
Added Pin To Net: NetName=NetC16_1 Pin=C17-1
Added Pin To Net: NetName=NetC16_2 Pin=C17-2
Added Pin To Net: NetName=GND Pin=C18-1
Added Pin To Net: NetName=NetC18_2 Pin=C18-2
Added Pin To Net: NetName=GND Pin=C19-1
Added Pin To Net: NetName=NetC19_2 Pin=C19-2
Added Pin To Net: NetName=GND Pin=C20-1
Added Pin To Net: NetName=NetC19_2 Pin=C20-2
Added Pin To Net: NetName=GND Pin=C21-1
Added Pin To Net: NetName=LDO_OUT Pin=C21-2
Added Pin To Net: NetName=GND Pin=C22-1
Added Pin To Net: NetName=LDO_OUT Pin=C22-2
Added Pin To Net: NetName=GND Pin=C23-1
Added Pin To Net: NetName=LDO_OUT Pin=C23-2
Added Pin To Net: NetName=GND Pin=C24-1
Added Pin To Net: NetName=NetC24_2 Pin=C24-2
Added Pin To Net: NetName=NetC25_1 Pin=C25-1
Added Pin To Net: NetName=GND Pin=C25-2
Added Pin To Net: NetName=GND Pin=C26-1
Added Pin To Net: NetName=LDO_OUT Pin=C26-2
Added Pin To Net: NetName=CSF Pin=C27-1
Added Pin To Net: NetName=GND Pin=C27-2
Added Pin To Net: NetName=GND Pin=C28-1
Added Pin To Net: NetName=Feedback Pin=C28-2
Added Pin To Net: NetName=NetC29_1 Pin=C29-1
Added Pin To Net: NetName=NetC29_2 Pin=C29-2
Added Pin To Net: NetName=GND Pin=C30-1
Added Pin To Net: NetName=NetC30_2 Pin=C30-2
Added Pin To Net: NetName=GND Pin=C31-1
Added Pin To Net: NetName=NetC31_2 Pin=C31-2
Added Pin To Net: NetName=GND_OUT Pin=C32-1
Added Pin To Net: NetName=GND Pin=C32-2
Added Pin To Net: NetName=GND Pin=C33-1
Added Pin To Net: NetName=NetC33_2 Pin=C33-2
Added Pin To Net: NetName=NetC16_1 Pin=IC1-1
Added Pin To Net: NetName=NetIC1_2 Pin=IC1-2
Added Pin To Net: NetName=NetC16_2 Pin=IC1-3
Added Pin To Net: NetName=NetIC1_4 Pin=IC1-4
Added Pin To Net: NetName=NetIC1_4 Pin=IC1-5
Added Pin To Net: NetName=NetIC1_4 Pin=IC1-6
Added Pin To Net: NetName=NetIC1_4 Pin=IC1-7
Added Pin To Net: NetName=NetIC1_4 Pin=IC1-8
Added Pin To Net: NetName=NetIC1_4 Pin=IC1-9
Added Pin To Net: NetName=NetIC1_4 Pin=IC1-10
Added Pin To Net: NetName=NetIC1_4 Pin=IC1-11
Added Pin To Net: NetName=NetIC1_12 Pin=IC1-12
Added Pin To Net: NetName=NetIC1_12 Pin=IC1-13
Added Pin To Net: NetName=NetIC1_12 Pin=IC1-14
Added Pin To Net: NetName=VIN Pin=IC1-15
Added Pin To Net: NetName=VIN Pin=IC1-16
Added Pin To Net: NetName=VIN Pin=IC1-17
Added Pin To Net: NetName=VIN Pin=IC1-18
Added Pin To Net: NetName=VIN Pin=IC1-19
Added Pin To Net: NetName=NetIC1_20 Pin=IC1-20
Added Pin To Net: NetName=NetC1_2 Pin=IC1-21
Added Pin To Net: NetName=NetC1_1 Pin=IC1-22
Added Pin To Net: NetName=LIN Pin=IC1-24
Added Pin To Net: NetName=\S\D\/OD Pin=IC1-25
Added Pin To Net: NetName=HIN Pin=IC1-26
Added Pin To Net: NetName=+5 Pin=IC1-27
Added Pin To Net: NetName=GND Pin=IC1-28
Added Pin To Net: NetName=GND Pin=IC1-MP1
Added Pin To Net: NetName=NetIC1_4 Pin=IC1-MP2
Added Pin To Net: NetName=NetIC1_12 Pin=IC1-MP3
Added Pin To Net: NetName=VOUT Pin=IC2-1
Added Pin To Net: NetName=GND_OUT Pin=IC2-2
Added Pin To Net: NetName=NetIC2_3 Pin=IC2-3
Added Pin To Net: NetName=NetIC2_4 Pin=IC2-4
Added Pin To Net: NetName=VOUT Pin=IC2-5
Added Pin To Net: NetName=NetIC2_6 Pin=IC2-6
Added Pin To Net: NetName=GND Pin=IC3-2
Added Pin To Net: NetName=NetC19_2 Pin=IC3-3
Added Pin To Net: NetName=LDO_OUT Pin=IC3-4
Added Pin To Net: NetName=NetC19_2 Pin=IC3-5
Added Pin To Net: NetName=GND Pin=IC3-A2
Added Pin To Net: NetName=GND Pin=IC3-B2
Added Pin To Net: NetName=NetIC4_1 Pin=IC4-1
Added Pin To Net: NetName=NetC18_2 Pin=IC4-4
Added Pin To Net: NetName=NetIC4_5 Pin=IC4-5
Added Pin To Net: NetName=NetC25_1 Pin=IC4-6
Added Pin To Net: NetName=Feedback Pin=IC4-7
Added Pin To Net: NetName=CSF Pin=IC4-8
Added Pin To Net: NetName=GND Pin=IC4-9
Added Pin To Net: NetName=LIN Pin=IC4-10
Added Pin To Net: NetName=LDO_OUT Pin=IC4-11
Added Pin To Net: NetName=HIN Pin=IC4-12
Added Pin To Net: NetName=NetC24_2 Pin=IC4-13
Added Pin To Net: NetName=NetIC4_16 Pin=IC4-16
Added Pin To Net: NetName=NetIC5_1 Pin=IC5-1
Added Pin To Net: NetName=NetC29_1 Pin=IC5-2
Added Pin To Net: NetName=GND Pin=IC5-3
Added Pin To Net: NetName=Feedback Pin=IC5-4
Added Pin To Net: NetName=NetC29_2 Pin=IC6-1
Added Pin To Net: NetName=NetC29_1 Pin=IC6-2
Added Pin To Net: NetName=GND_OUT Pin=IC6-3
Added Pin To Net: NetName=VOUT Pin=J1-1
Added Pin To Net: NetName=VOUT Pin=J1-2
Added Pin To Net: NetName=VOUT Pin=J1-3
Added Pin To Net: NetName=VOUT Pin=J1-4
Added Pin To Net: NetName=NetJ1_5 Pin=J1-5
Added Pin To Net: NetName=NetJ1_6 Pin=J1-6
Added Pin To Net: NetName=NetJ1_7 Pin=J1-7
Added Pin To Net: NetName=NetJ1_8 Pin=J1-8
Added Pin To Net: NetName=VIN Pin=J2-1
Added Pin To Net: NetName=VIN Pin=J2-2
Added Pin To Net: NetName=VOUT Pin=J3-1
Added Pin To Net: NetName=VOUT Pin=J3-2
Added Pin To Net: NetName=GND Pin=J4-1
Added Pin To Net: NetName=GND Pin=J4-2
Added Pin To Net: NetName=NetC30_2 Pin=J5-1
Added Pin To Net: NetName=GND Pin=J5-2
Added Pin To Net: NetName=GND Pin=J5-3
Added Pin To Net: NetName=GND Pin=J5-4
Added Pin To Net: NetName=GND Pin=J5-5
Added Pin To Net: NetName=GND_OUT Pin=J6-1
Added Pin To Net: NetName=GND_OUT Pin=J6-2
Added Pin To Net: NetName=NetC31_2 Pin=J7-1
Added Pin To Net: NetName=GND Pin=J7-2
Added Pin To Net: NetName=GND Pin=J7-3
Added Pin To Net: NetName=GND Pin=J7-4
Added Pin To Net: NetName=GND Pin=J7-5
Added Pin To Net: NetName=+5 Pin=J8-1
Added Pin To Net: NetName=+5 Pin=J8-2
Added Pin To Net: NetName=NetC33_2 Pin=J9-1
Added Pin To Net: NetName=GND Pin=J9-2
Added Pin To Net: NetName=GND Pin=J9-3
Added Pin To Net: NetName=GND Pin=J9-4
Added Pin To Net: NetName=GND Pin=J9-5
Added Pin To Net: NetName=GND Pin=J10-1
Added Pin To Net: NetName=GND Pin=J10-2
Added Pin To Net: NetName=GND Pin=NT1-1
Added Pin To Net: NetName=GND Pin=NT1-2
Added Pin To Net: NetName=NetIC2_3 Pin=Q1-1
Added Pin To Net: NetName=GND_OUT Pin=Q1-2
Added Pin To Net: NetName=NetQ1_3 Pin=Q1-3
Added Pin To Net: NetName=GND_OUT Pin=R1-1
Added Pin To Net: NetName=VOUT Pin=R1-2
Added Pin To Net: NetName=NetIC2_6 Pin=R2-1
Added Pin To Net: NetName=NetQ1_3 Pin=R2-2
Added Pin To Net: NetName=NetIC1_4 Pin=R3-1
Added Pin To Net: NetName=GND Pin=R3-2
Added Pin To Net: NetName=NetIC1_4 Pin=R4-1
Added Pin To Net: NetName=GND Pin=R4-2
Added Pin To Net: NetName=CSF Pin=R5-1
Added Pin To Net: NetName=GND Pin=R5-2
Added Pin To Net: NetName=GND_OUT Pin=R6-1
Added Pin To Net: NetName=NetIC2_4 Pin=R6-2
Added Pin To Net: NetName=+5 Pin=R7-1
Added Pin To Net: NetName=NetC16_1 Pin=R7-2
Added Pin To Net: NetName=NetIC4_16 Pin=R8-1
Added Pin To Net: NetName=NetIC1_12 Pin=R8-2
Added Pin To Net: NetName=NetIC4_1 Pin=R9-1
Added Pin To Net: NetName=VIN Pin=R9-2
Added Pin To Net: NetName=NetBR1_1 Pin=R10-1
Added Pin To Net: NetName=NetC19_2 Pin=R10-2
Added Pin To Net: NetName=NetIC4_5 Pin=R11-1
Added Pin To Net: NetName=GND Pin=R11-2
Added Pin To Net: NetName=GND Pin=R12-1
Added Pin To Net: NetName=NetC24_2 Pin=R12-2
Added Pin To Net: NetName=NetC25_1 Pin=R13-1
Added Pin To Net: NetName=GND Pin=R13-2
Added Pin To Net: NetName=NetIC5_1 Pin=R14-1
Added Pin To Net: NetName=VOUT Pin=R14-2
Added Pin To Net: NetName=GND Pin=R15-1
Added Pin To Net: NetName=Feedback Pin=R15-2
Added Pin To Net: NetName=NetC29_2 Pin=R16-1
Added Pin To Net: NetName=NetJ1_8 Pin=R16-2
Added Pin To Net: NetName=NetC29_2 Pin=R17-1
Added Pin To Net: NetName=NetJ1_7 Pin=R17-2
Added Pin To Net: NetName=NetC29_2 Pin=R18-1
Added Pin To Net: NetName=NetJ1_6 Pin=R18-2
Added Pin To Net: NetName=NetC29_2 Pin=R19-1
Added Pin To Net: NetName=NetJ1_5 Pin=R19-2
Added Pin To Net: NetName=GND_OUT Pin=R20-1
Added Pin To Net: NetName=NetC29_2 Pin=R20-2
Added Pin To Net: NetName=NetC30_2 Pin=R21-1
Added Pin To Net: NetName=+5 Pin=R21-2
Added Pin To Net: NetName=NetC30_2 Pin=R22-1
Added Pin To Net: NetName=\S\D\/OD Pin=R22-2
Added Pin To Net: NetName=NetC31_2 Pin=R23-1
Added Pin To Net: NetName=HIN Pin=R23-2
Added Pin To Net: NetName=NetC33_2 Pin=R24-1
Added Pin To Net: NetName=LIN Pin=R24-2
Added Pin To Net: NetName=GND Pin=RT1-1
Added Pin To Net: NetName=NetC18_2 Pin=RT1-2
Added Pin To Net: NetName=NetC3_2 Pin=T1-1
Added Pin To Net: NetName=NetIC1_12 Pin=T1-3
Added Pin To Net: NetName=NetBR1_3 Pin=T1-5
Added Pin To Net: NetName=NetBR1_4 Pin=T1-6
Added Pin To Net: NetName=NetQ1_3 Pin=T1-8
Added Pin To Net: NetName=NetQ1_3 Pin=T1-9
Added Pin To Net: NetName=VOUT Pin=T1-11
Added Pin To Net: NetName=VOUT Pin=T1-12
Add Pin To Net: Unknown Pin: Pin TP1-1
Add Pin To Net: Unknown Pin: Pin TP2-1
Add Pin To Net: Unknown Pin: Pin TP3-1
Add Pin To Net: Unknown Pin: Pin TP4-1
Add Pin To Net: Unknown Pin: Pin TP5-1
Add Pin To Net: Unknown Pin: Pin TP6-1
Add Pin To Net: Unknown Pin: Pin TP7-1
Add Pin To Net: Unknown Pin: Pin TP8-1
Add Pin To Net: Unknown Pin: Pin TP9-1
Add Pin To Net: Unknown Pin: Pin TP11-1
Added Pin To Net: NetName=LDO_OUT Pin=Z1-1
Added Pin To Net: NetName=NetC18_2 Pin=Z1-2
Added Member To Class: ClassName=main Member=Component BR1 MB4S
Added Member To Class: ClassName=main Member=Component C1 0.1uF
Added Member To Class: ClassName=main Member=Component C2 0.1uF
Added Member To Class: ClassName=main Member=Component C3 470nF
Added Member To Class: ClassName=main Member=Component C4 10uF
Added Member To Class: ClassName=main Member=Component C5 220nF
Added Member To Class: ClassName=main Member=Component C6 220nF
Added Member To Class: ClassName=main Member=Component C7 330uF
Added Member To Class: ClassName=main Member=Component C8 330uF
Added Member To Class: ClassName=main Member=Component C9 330uF
Added Member To Class: ClassName=main Member=Component C10 10uF
Added Member To Class: ClassName=main Member=Component C11 0.1uF
Added Member To Class: ClassName=main Member=Component C12 2.2uF
Added Member To Class: ClassName=main Member=Component C13 2.2uF
Added Member To Class: ClassName=main Member=Component C14 2.2uF
Added Member To Class: ClassName=main Member=Component C15 1uF
Added Member To Class: ClassName=main Member=Component C16 0.1uF
Added Member To Class: ClassName=main Member=Component C17 10uF
Added Member To Class: ClassName=main Member=Component C18 100nF
Added Member To Class: ClassName=main Member=Component C19 2.2uF
Added Member To Class: ClassName=main Member=Component C20 2.2uF
Added Member To Class: ClassName=main Member=Component C21 2.2uF
Added Member To Class: ClassName=main Member=Component C22 2.2uF
Added Member To Class: ClassName=main Member=Component C23 2.2uF
Added Member To Class: ClassName=main Member=Component C24 100nF
Added Member To Class: ClassName=main Member=Component C25 100nF
Added Member To Class: ClassName=main Member=Component C26 1uF
Added Member To Class: ClassName=main Member=Component C27 10nF
Added Member To Class: ClassName=main Member=Component C28 100nF
Added Member To Class: ClassName=main Member=Component C29 100nF
Added Member To Class: ClassName=in_out Member=Component C30 100nF
Added Member To Class: ClassName=in_out Member=Component C31 100nF
Added Member To Class: ClassName=in_out Member=Component C32 390pF
Added Member To Class: ClassName=in_out Member=Component C33 100nF
Added Member To Class: ClassName=main Member=Component IC1 MASTERGAN1
Added Member To Class: ClassName=main Member=Component IC2 SRK1000
Added Member To Class: ClassName=main Member=Component IC3 S-1212BG0-U5T1U
Added Member To Class: ClassName=main Member=Component IC4 NCP1568S02DBR2G
Added Member To Class: ClassName=main Member=Component IC5 FODM1009R2V
Added Member To Class: ClassName=main Member=Component IC6 NCP431AVSNT1G
Added Member To Class: ClassName=main Member=Component J1 Header_2x4
Added Member To Class: ClassName=in_out Member=Component J2 1289-STR
Added Member To Class: ClassName=in_out Member=Component J3 1289-STR
Added Member To Class: ClassName=in_out Member=Component J4 1289-STR
Added Member To Class: ClassName=in_out Member=Component J5 142-0701-301
Added Member To Class: ClassName=in_out Member=Component J6 1289-STR
Added Member To Class: ClassName=in_out Member=Component J7 142-0701-301
Added Member To Class: ClassName=in_out Member=Component J8 1289-STR
Added Member To Class: ClassName=in_out Member=Component J9 142-0701-301
Added Member To Class: ClassName=in_out Member=Component J10 1289-STR
Added Member To Class: ClassName=in_out Member=Component NT1 Net tie
Added Member To Class: ClassName=main Member=Component Q1 STD95N4F3
Added Member To Class: ClassName=main Member=Component R1 10k
Added Member To Class: ClassName=main Member=Component R2 330
Added Member To Class: ClassName=main Member=Component R3 R680
Added Member To Class: ClassName=main Member=Component R4 R680
Added Member To Class: ClassName=main Member=Component R5 510
Added Member To Class: ClassName=main Member=Component R6 82k
Added Member To Class: ClassName=main Member=Component R7 0
Added Member To Class: ClassName=main Member=Component R8 1k
Added Member To Class: ClassName=main Member=Component R9 1k
Added Member To Class: ClassName=main Member=Component R10 1
Added Member To Class: ClassName=main Member=Component R11 82k
Added Member To Class: ClassName=main Member=Component R12 8k
Added Member To Class: ClassName=main Member=Component R13 82k
Added Member To Class: ClassName=main Member=Component R14 1k
Added Member To Class: ClassName=main Member=Component R15 47k
Added Member To Class: ClassName=main Member=Component R16 154k
Added Member To Class: ClassName=main Member=Component R17 91k
Added Member To Class: ClassName=main Member=Component R18 62k
Added Member To Class: ClassName=main Member=Component R19 24k
Added Member To Class: ClassName=main Member=Component R20 24k
Added Member To Class: ClassName=in_out Member=Component R21 4k7
Added Member To Class: ClassName=in_out Member=Component R22 4k7
Added Member To Class: ClassName=in_out Member=Component R23 4k7
Added Member To Class: ClassName=in_out Member=Component R24 4k7
Added Member To Class: ClassName=main Member=Component RT1 NTCG104EF104FT1SX
Added Member To Class: ClassName=main Member=Component T1 TI-PQ26
Added Member To Class: ClassName=main Member=Component TP1 =Value
Added Member To Class: ClassName=main Member=Component TP2 =Value
Added Member To Class: ClassName=in_out Member=Component TP3 Test point
Added Member To Class: ClassName=in_out Member=Component TP4 Test point
Added Member To Class: ClassName=main Member=Component TP5 =Value
Added Member To Class: ClassName=in_out Member=Component TP6 Test point
Added Member To Class: ClassName=main Member=Component TP7 =Value
Added Member To Class: ClassName=in_out Member=Component TP8 Test point
Added Member To Class: ClassName=main Member=Component TP9 =Value
Added Member To Class: ClassName=in_out Member=Component TP11 Test point
Added Member To Class: ClassName=main Member=Component Z1 TDZ15J
