Change Component Comment : Designator=R21 Old Comment=4k7 New Comment=51
Change Component Comment : Designator=R23 Old Comment=4k7 New Comment=51
Change Component Comment : Designator=C33 Old Comment=100nF New Comment=100pF
Change Component Comment : Designator=C42 Old Comment=100nF New Comment=100pF
Change component parameters: Designator = "C33" ("C33"); Footprint = "Capacitor_0805"; UniqueID = "\BBWHCPII" ("\BBWHCPII")
Change component parameters (AddParameter): Name = "Capacitance"; Value = "100pF"; VariantName = "[No Variations]"
Change component parameters (AddParameter): Name = "MPN"; Value = ""; VariantName = "[No Variations]"
Change component parameters (AddParameter): Name = "Voltage"; Value = "12V"; VariantName = "[No Variations]"
Change component parameters: Designator = "C42" ("C42"); Footprint = "Capacitor_0805"; UniqueID = "\OXSVMBXU" ("\OXSVMBXU")
Change component parameters (AddParameter): Name = "Capacitance"; Value = "100pF"; VariantName = "[No Variations]"
Change component parameters (AddParameter): Name = "MPN"; Value = ""; VariantName = "[No Variations]"
Change component parameters (AddParameter): Name = "Voltage"; Value = "12V"; VariantName = "[No Variations]"
Change component parameters: Designator = "R21" ("R21"); Footprint = "Resistor_1206"; UniqueID = "\XHJBYQVH" ("\XHJBYQVH")
Change component parameters (AddParameter): Name = "MPN"; Value = ""; VariantName = "[No Variations]"
Change component parameters (AddParameter): Name = "Power rate"; Value = ""; VariantName = "[No Variations]"
Change component parameters (AddParameter): Name = "Resistance"; Value = "51"; VariantName = "[No Variations]"
Change component parameters: Designator = "R23" ("R23"); Footprint = "Resistor_1206"; UniqueID = "\IXCSWWEG" ("\IXCSWWEG")
Change component parameters (AddParameter): Name = "MPN"; Value = ""; VariantName = "[No Variations]"
Change component parameters (AddParameter): Name = "Power rate"; Value = ""; VariantName = "[No Variations]"
Change component parameters (AddParameter): Name = "Resistance"; Value = "51"; VariantName = "[No Variations]"
Added Component: Designator=R24(Resistor_0805)
Add component (AddParameter): Name = "MPN"; Value = ""; VariantName = "[No Variations]"
Add component (AddParameter): Name = "Power rate"; Value = ""; VariantName = "[No Variations]"
Add component (AddParameter): Name = "Resistance"; Value = "4.7k"; VariantName = "[No Variations]"
Added Component: Designator=TP11(Test point)
Added Component: Designator=TP12(Test point)
Added Pin To Net: NetName=HIN Pin=C33-2
Added Pin To Net: NetName=LIN Pin=C42-2
Added Pin To Net: NetName=+5 Pin=R24-1
Added Pin To Net: NetName=NetIC1_12 Pin=TP11-1
Added Pin To Net: NetName=NetIC2_3 Pin=TP12-1
Added Pin To Net: NetName=NetIC1_25 Pin=IC1-25
Added Pin To Net: NetName=NetIC1_25 Pin=R24-2
Added Net: Name=NetIC1_25
Added Pin To Net: NetName=NetJ5_1 Pin=J5-1
Added Pin To Net: NetName=NetJ5_1 Pin=R21-1
Added Net: Name=NetJ5_1
Added Pin To Net: NetName=NetJ8_1 Pin=J8-1
Added Pin To Net: NetName=NetJ8_1 Pin=R23-1
Added Net: Name=NetJ8_1
Added Member To Class: ClassName=main Member=Component C7 220nF
Added Member To Class: ClassName=main Member=Component C8 220nF
Added Member To Class: ClassName=main Member=Component C9 220nF
Added Member To Class: ClassName=main Member=Component C10 220nF
Added Member To Class: ClassName=main Member=Component C11 220nF
Added Member To Class: ClassName=main Member=Component C12 220nF
Added Member To Class: ClassName=main Member=Component C13 220nF
Added Member To Class: ClassName=main Member=Component C14 1u
Added Member To Class: ClassName=main Member=Component C16 0.1uF
Added Member To Class: ClassName=main Member=Component C17 0.1uF
Added Member To Class: ClassName=main Member=Component C22 2.2uF
Added Member To Class: ClassName=in_out Member=Component C33 100pF
Added Member To Class: ClassName=in_out Member=Component C34 2700uF
Added Member To Class: ClassName=in_out Member=Component C35 100nF
Added Member To Class: ClassName=in_out Member=Component C36 100nF
Added Member To Class: ClassName=in_out Member=Component C38 2.2uF
Added Member To Class: ClassName=in_out Member=Component C39 2.2uF
Added Member To Class: ClassName=in_out Member=Component C40 2.2uF
Added Member To Class: ClassName=in_out Member=Component C41 2.2uF
Added Member To Class: ClassName=in_out Member=Component C42 100pF
Added Member To Class: ClassName=in_out Member=Component J5 142-0701-301
Added Member To Class: ClassName=in_out Member=Component J7 1289-STR
Added Member To Class: ClassName=in_out Member=Component R22 10k
Added Member To Class: ClassName=in_out Member=Component R23 51
Added Member To Class: ClassName=main Member=Component R24 4.7k
Added Member To Class: ClassName=in_out Member=Component TP10 Test point
Added Member To Class: ClassName=main Member=Component TP11 Test point
Added Member To Class: ClassName=main Member=Component TP12 Test point
