Removed Pin From Net: NetName=VIN Pin=C9_1_1-1
Removed Pin From Net: NetName=GND Pin=C9_1_1-2
Removed Pin From Net: NetName=GND Pin=C10_1_1-1
Removed Pin From Net: NetName=VIN Pin=C10_1_1-2
Removed Pin From Net: NetName=VOUT Pin=C11-1
Removed Pin From Net: NetName=GND_OUT Pin=C11-2
Removed Pin From Net: NetName=GND_OUT Pin=C14-1
Removed Pin From Net: NetName=VOUT Pin=C14-2
Change Component Footprint: Designator=C14 Old Footprint=Capacitor_0805 New Footprint=Capacitor_Electrolytic_Vib_Res
Change Component Footprint: Designator=C11 Old Footprint=Capacitor_Electrolytic_Vib_Res New Footprint=Capacitor_1812
Change Component Footprint: Designator=C17 Old Footprint=Capcitor_1206 New Footprint=Capacitor_0805
Change Component Footprint: Designator=C7 Old Footprint=Capcitor_1206 New Footprint=Capacitor_1812
Change Component Comment : Designator=C17 Old Comment=2.2uF New Comment=100nF
Change Component Comment : Designator=C7 Old Comment=100nF New Comment=220nF
Change Component Comment : Designator=C14 Old Comment=100nF New Comment=2700uF
Change Component Comment : Designator=C11 Old Comment=2700uF New Comment=220nF
Added Component: Designator=C5(Capacitor_1812)
Add component (AddParameter): Name = "Capacitance"; Value = "220nF"; VariantName = "[No Variations]"
Add component (AddParameter): Name = "MPN"; Value = "C1812C224MCRACTU"; VariantName = "[No Variations]"
Add component (AddParameter): Name = "Voltage"; Value = "500"; VariantName = "[No Variations]"
Added Component: Designator=C6(Capacitor_1812)
Add component (AddParameter): Name = "Capacitance"; Value = "220nF"; VariantName = "[No Variations]"
Add component (AddParameter): Name = "MPN"; Value = "C1812C224MCRACTU"; VariantName = "[No Variations]"
Add component (AddParameter): Name = "Voltage"; Value = "500"; VariantName = "[No Variations]"
Added Component: Designator=C39(Capcitor_1206)
Add component (AddParameter): Name = "Capacitance"; Value = "2.2uF"; VariantName = "[No Variations]"
Add component (AddParameter): Name = "MPN"; Value = "CL31B225KBHNFNE"; VariantName = "[No Variations]"
Add component (AddParameter): Name = "Voltage"; Value = "50V"; VariantName = "[No Variations]"
Added Pin To Net: NetName=GND Pin=C5-1
Added Pin To Net: NetName=VIN Pin=C5-2
Added Pin To Net: NetName=VIN Pin=C6-1
Added Pin To Net: NetName=GND Pin=C6-2
Added Pin To Net: NetName=VIN Pin=C11-1
Added Pin To Net: NetName=GND Pin=C11-2
Added Pin To Net: NetName=VOUT Pin=C14-1
Added Pin To Net: NetName=GND_OUT Pin=C14-2
Added Pin To Net: NetName=GND_OUT Pin=C39-1
Added Pin To Net: NetName=VOUT Pin=C39-2
Added Member To Class: ClassName=main Member=Component C5 220nF
Added Member To Class: ClassName=main Member=Component C6 220nF
Added Member To Class: ClassName=main Member=Component C9 220nF
Added Member To Class: ClassName=main Member=Component C10 220nF
Added Member To Class: ClassName=in_out Member=Component C39 2.2uF
Added Room: Name=in_out
Added Room: Name=main
