Add Component: Footprint Not Found CAPPRD500W60D1300H2700
Add Component: Footprint Not Found CAPPRD500W60D1300H2700
Add Component: Footprint Not Found Capacitor_1812
Add Component: Footprint Not Found Capacitor_1812
Add Component: Footprint Not Found Capacitor_0805
Add Component: Footprint Not Found Capacitor_0805
Add Component: Footprint Not Found Capacitor_1812
Add Component: Footprint Not Found Capacitor_0805
Add Component: Footprint Not Found Capacitor_1812
Add Component: Footprint Not Found Capacitor_1812
Add Component: Footprint Not Found 1289STR
Add Component: Footprint Not Found 1289STR
Add Component: Footprint Not Found 1289STR
Add Component: Footprint Not Found 1289STR
Add Component: Footprint Not Found 1289STR
Add Component: Footprint Not Found 1289STR
Add Component: Footprint Not Found 1289STR
Add Component: Footprint Not Found STD95N4F3
Add Component: Footprint Not Found STD95N4F3
Add Component: Footprint Not Found Resistor_1206
Add Component: Footprint Not Found Resistor_1206
Add Component: Footprint Not Found Resistor_1206
Add Component: Footprint Not Found Resistor_1206
Add Component: Footprint Not Found Resistor_1206
Add Component: Footprint Not Found Resistor_1206
Add Component: Footprint Not Found Resistor_1206
Add Component: Footprint Not Found Resistor_1206
Add Component: Footprint Not Found Resistor_1206
Add Component: Footprint Not Found Resistor_1206
Add Component: Footprint Not Found Resistor_1206
Add Component: Footprint Not Found Resistor_1206
Add Component: Footprint Not Found Resistor_1206
Add Component: Footprint Not Found Resistor_1206
Add Component: Footprint Not Found Resistor_1206
Add Component: Footprint Not Found Resistor_1206
Add Component: Footprint Not Found Resistor_1206
Add Pin To Net: Unknown Pin: Pin C3-1
Add Pin To Net: Unknown Pin: Pin C3-2
Add Pin To Net: Unknown Pin: Pin C4-1
Add Pin To Net: Unknown Pin: Pin C4-2
Add Pin To Net: Unknown Pin: Pin C7-1
Add Pin To Net: Unknown Pin: Pin C7-2
Add Pin To Net: Unknown Pin: Pin C8-1
Add Pin To Net: Unknown Pin: Pin C8-2
Add Pin To Net: Unknown Pin: Pin C9-1
Add Pin To Net: Unknown Pin: Pin C9-2
Add Pin To Net: Unknown Pin: Pin C10-1
Add Pin To Net: Unknown Pin: Pin C10-2
Add Pin To Net: Unknown Pin: Pin C18-1
Add Pin To Net: Unknown Pin: Pin C18-2
Add Pin To Net: Unknown Pin: Pin C22-1
Add Pin To Net: Unknown Pin: Pin C22-2
Add Pin To Net: Unknown Pin: Pin C23-1
Add Pin To Net: Unknown Pin: Pin C23-2
Add Pin To Net: Unknown Pin: Pin C25-1
Add Pin To Net: Unknown Pin: Pin C25-2
Add Pin To Net: Unknown Pin: Pin J1-1
Add Pin To Net: Unknown Pin: Pin J1-2
Add Pin To Net: Unknown Pin: Pin J2-1
Add Pin To Net: Unknown Pin: Pin J2-2
Add Pin To Net: Unknown Pin: Pin J3-1
Add Pin To Net: Unknown Pin: Pin J3-2
Add Pin To Net: Unknown Pin: Pin J7-1
Add Pin To Net: Unknown Pin: Pin J7-2
Add Pin To Net: Unknown Pin: Pin J8-1
Add Pin To Net: Unknown Pin: Pin J8-2
Add Pin To Net: Unknown Pin: Pin J10-1
Add Pin To Net: Unknown Pin: Pin J10-2
Add Pin To Net: Unknown Pin: Pin J11-1
Add Pin To Net: Unknown Pin: Pin J11-2
Add Pin To Net: Unknown Pin: Pin Q1-1
Add Pin To Net: Unknown Pin: Pin Q1-3
Add Pin To Net: Unknown Pin: Pin Q1-4
Add Pin To Net: Unknown Pin: Pin Q2-1
Add Pin To Net: Unknown Pin: Pin Q2-3
Add Pin To Net: Unknown Pin: Pin Q2-4
Add Pin To Net: Unknown Pin: Pin R1-1
Add Pin To Net: Unknown Pin: Pin R1-2
Add Pin To Net: Unknown Pin: Pin R2-1
Add Pin To Net: Unknown Pin: Pin R2-2
Add Pin To Net: Unknown Pin: Pin R3-1
Add Pin To Net: Unknown Pin: Pin R3-2
Add Pin To Net: Unknown Pin: Pin R4-1
Add Pin To Net: Unknown Pin: Pin R4-2
Add Pin To Net: Unknown Pin: Pin R5-1
Add Pin To Net: Unknown Pin: Pin R5-2
Add Pin To Net: Unknown Pin: Pin R6-1
Add Pin To Net: Unknown Pin: Pin R6-2
Add Pin To Net: Unknown Pin: Pin R7-1
Add Pin To Net: Unknown Pin: Pin R7-2
Add Pin To Net: Unknown Pin: Pin R8-1
Add Pin To Net: Unknown Pin: Pin R8-2
Add Pin To Net: Unknown Pin: Pin R9-1
Add Pin To Net: Unknown Pin: Pin R9-2
Add Pin To Net: Unknown Pin: Pin R10-1
Add Pin To Net: Unknown Pin: Pin R10-2
Add Pin To Net: Unknown Pin: Pin R11-1
Add Pin To Net: Unknown Pin: Pin R11-2
Add Pin To Net: Unknown Pin: Pin R12-1
Add Pin To Net: Unknown Pin: Pin R12-2
Add Pin To Net: Unknown Pin: Pin R13-1
Add Pin To Net: Unknown Pin: Pin R13-2
Add Pin To Net: Unknown Pin: Pin R14-1
Add Pin To Net: Unknown Pin: Pin R14-2
Add Pin To Net: Unknown Pin: Pin R15-1
Add Pin To Net: Unknown Pin: Pin R15-2
Add Pin To Net: Unknown Pin: Pin R16-1
Add Pin To Net: Unknown Pin: Pin R16-2
Add Pin To Net: Unknown Pin: Pin R17-1
Add Pin To Net: Unknown Pin: Pin R17-2
Add Class Member: Failed to add class member : Component C3 *
Add Class Member: Failed to add class member : Component C4 *
Add Class Member: Failed to add class member : Component C7 *
Add Class Member: Failed to add class member : Component C8 *
Add Class Member: Failed to add class member : Component C9 *
Add Class Member: Failed to add class member : Component C10 *
Add Class Member: Failed to add class member : Component C18 10u
Add Class Member: Failed to add class member : Component C22 *
Add Class Member: Failed to add class member : Component C23 *
Add Class Member: Failed to add class member : Component C25 10u
Add Class Member: Failed to add class member : Component J1 1289-STR
Add Class Member: Failed to add class member : Component J2 1289-STR
Add Class Member: Failed to add class member : Component J3 1289-STR
Add Class Member: Failed to add class member : Component J7 1289-STR
Add Class Member: Failed to add class member : Component J8 1289-STR
Add Class Member: Failed to add class member : Component J10 1289-STR
Add Class Member: Failed to add class member : Component J11 1289-STR
Add Class Member: Failed to add class member : Component Q1 STD95N4F3
Add Class Member: Failed to add class member : Component Q2 STD95N4F3
Add Class Member: Failed to add class member : Component R1 0
Add Class Member: Failed to add class member : Component R2 0
Add Class Member: Failed to add class member : Component R3 0
Add Class Member: Failed to add class member : Component R4 0
Add Class Member: Failed to add class member : Component R5 0
Add Class Member: Failed to add class member : Component R6 4.7k
Add Class Member: Failed to add class member : Component R7 4.7k
Add Class Member: Failed to add class member : Component R8 0
Add Class Member: Failed to add class member : Component R9 4.7k
Add Class Member: Failed to add class member : Component R10 0
Add Class Member: Failed to add class member : Component R11 4.7k
Add Class Member: Failed to add class member : Component R12 0
Add Class Member: Failed to add class member : Component R13 4.7k
Add Class Member: Failed to add class member : Component R14 0
Add Class Member: Failed to add class member : Component R15 4.7k
Add Class Member: Failed to add class member : Component R16 100
Add Class Member: Failed to add class member : Component R17 100
